TN:
SF:src\polyfills.ts
FNF:0
FNH:0
DA:60,1
LF:1
LH:1
BRF:0
BRH:0
end_of_record
TN:
SF:src\app\components\workout-form\workout-form.component.ts
FN:15,(anonymous_0)
FN:23,(anonymous_1)
FN:25,(anonymous_2)
FNF:3
FNH:3
FNDA:9,(anonymous_0)
FNDA:9,(anonymous_1)
FNDA:4,(anonymous_2)
DA:1,1
DA:2,1
DA:3,1
DA:11,1
DA:13,9
DA:14,9
DA:15,9
DA:16,9
DA:26,4
DA:27,3
DA:28,3
DA:29,3
DA:30,3
DA:32,3
DA:37,3
DA:40,3
DA:41,3
LF:17
LH:17
BRDA:26,0,0,3
BRF:1
BRH:1
end_of_record
TN:
SF:src\app\services\workout.service.ts
FN:25,(anonymous_0)
FN:27,(anonymous_1)
FN:41,(anonymous_2)
FNF:3
FNH:2
FNDA:2,(anonymous_0)
FNDA:1,(anonymous_1)
FNDA:0,(anonymous_2)
DA:1,1
DA:18,1
DA:19,2
DA:29,1
DA:30,1
DA:31,0
DA:32,1
DA:33,1
DA:34,0
DA:35,0
DA:42,0
DA:43,0
DA:44,0
LF:13
LH:7
BRDA:30,0,0,0
BRDA:30,0,1,1
BRDA:32,1,0,1
BRDA:32,1,1,0
BRDA:34,2,0,0
BRDA:34,3,0,0
BRDA:34,3,1,0
BRF:7
BRH:2
end_of_record
